Build started 24 Oct 2015 01:56:59.
     1>Project "C:\Users\BOdy\Desktop\c++ VS Projects\Snake Game\Radvach\SnakeGame\SnakeGame\SnakeGame.vcxproj" on node 2 (Build target(s)).
     1>ClCompile:
         C:\Program Files (x86)\Microsoft Visual Studio 12.0\VC\bin\CL.exe /c /ZI /nologo /W3 /WX- /sdl /Od /Oy- /D WIN32 /D _DEBUG /D _CONSOLE /D _LIB /D _UNICODE /D UNICODE /Gm /EHsc /RTC1 /MDd /GS /fp:precise /Zc:wchar_t /Zc:forScope /Fo"Debug\\" /Fd"Debug\vc120.pdb" /Gd /TP /analyze- /errorReport:prompt ConsoleInputReader.cpp ConsoleRenderer.cpp main.cpp Point2D.cpp Snake.cpp
         Snake.cpp
         Point2D.cpp
         main.cpp
         ConsoleRenderer.cpp
         ConsoleInputReader.cpp
         Generating Code...
       Link:
         C:\Program Files (x86)\Microsoft Visual Studio 12.0\VC\bin\link.exe /ERRORREPORT:PROMPT /OUT:"C:\Users\BOdy\Desktop\c++ VS Projects\Snake Game\Radvach\SnakeGame\Debug\SnakeGame.exe" /INCREMENTAL /NOLOGO kernel32.lib user32.lib gdi32.lib winspool.lib comdlg32.lib advapi32.lib shell32.lib ole32.lib oleaut32.lib uuid.lib odbc32.lib odbccp32.lib /MANIFEST /MANIFESTUAC:"level='asInvoker' uiAccess='false'" /manifest:embed /DEBUG /PDB:"C:\Users\BOdy\Desktop\c++ VS Projects\Snake Game\Radvach\SnakeGame\Debug\SnakeGame.pdb" /SUBSYSTEM:CONSOLE /TLBID:1 /DYNAMICBASE /NXCOMPAT /IMPLIB:"C:\Users\BOdy\Desktop\c++ VS Projects\Snake Game\Radvach\SnakeGame\Debug\SnakeGame.lib" /MACHINE:X86 Debug\ConsoleInputReader.obj
         Debug\ConsoleRenderer.obj
         Debug\main.obj
         Debug\Point2D.obj
         Debug\Snake.obj
         SnakeGame.vcxproj -> C:\Users\BOdy\Desktop\c++ VS Projects\Snake Game\Radvach\SnakeGame\Debug\SnakeGame.exe
     1>Done Building Project "C:\Users\BOdy\Desktop\c++ VS Projects\Snake Game\Radvach\SnakeGame\SnakeGame\SnakeGame.vcxproj" (Build target(s)).

Build succeeded.

Time Elapsed 00:00:03.71
